{"meta": {"format": 3, "version": "7.10.7", "timestamp": "2025-10-05T02:04:00.726724", "branch_coverage": false, "show_contexts": false}, "files": {"bot.py": {"executed_lines": [1, 2, 3, 4, 5, 6, 7, 8], "summary": {"covered_lines": 8, "num_statements": 71, "percent_covered": 11.267605633802816, "percent_covered_display": "11", "missing_lines": 63, "excluded_lines": 0}, "missing_lines": [9, 12, 13, 15, 17, 18, 19, 22, 24, 25, 28, 29, 31, 32, 33, 34, 35, 39, 42, 43, 44, 46, 47, 48, 50, 53, 55, 56, 58, 61, 63, 64, 65, 71, 72, 73, 74, 75, 76, 77, 78, 79, 83, 84, 85, 87, 89, 90, 91, 93, 94, 97, 98, 99, 100, 101, 103, 104, 108, 109, 112, 113, 114], "excluded_lines": [], "functions": {"start": {"executed_lines": [], "summary": {"covered_lines": 0, "num_statements": 6, "percent_covered": 0.0, "percent_covered_display": "0", "missing_lines": 6, "excluded_lines": 0}, "missing_lines": [31, 32, 33, 34, 35, 39], "excluded_lines": []}, "handle_option": {"executed_lines": [], "summary": {"covered_lines": 0, "num_statements": 6, "percent_covered": 0.0, "percent_covered_display": "0", "missing_lines": 6, "excluded_lines": 0}, "missing_lines": [43, 44, 46, 47, 48, 50], "excluded_lines": []}, "tags_handler": {"executed_lines": [], "summary": {"covered_lines": 0, "num_statements": 3, "percent_covered": 0.0, "percent_covered_display": "0", "missing_lines": 3, "excluded_lines": 0}, "missing_lines": [55, 56, 58], "excluded_lines": []}, "difficulty_handler": {"executed_lines": [], "summary": {"covered_lines": 0, "num_statements": 21, "percent_covered": 0.0, "percent_covered_display": "0", "missing_lines": 21, "excluded_lines": 0}, "missing_lines": [63, 64, 65, 71, 72, 73, 74, 75, 76, 77, 78, 79, 83, 84, 85, 87, 89, 90, 91, 93, 94], "excluded_lines": []}, "search_by_tag": {"executed_lines": [], "summary": {"covered_lines": 0, "num_statements": 8, "percent_covered": 0.0, "percent_covered_display": "0", "missing_lines": 8, "excluded_lines": 0}, "missing_lines": [98, 99, 100, 101, 103, 104, 108, 109], "excluded_lines": []}, "": {"executed_lines": [1, 2, 3, 4, 5, 6, 7, 8], "summary": {"covered_lines": 8, "num_statements": 27, "percent_covered": 29.62962962962963, "percent_covered_display": "30", "missing_lines": 19, "excluded_lines": 0}, "missing_lines": [9, 12, 13, 15, 17, 18, 19, 22, 24, 25, 28, 29, 42, 53, 61, 97, 112, 113, 114], "excluded_lines": []}}, "classes": {"": {"executed_lines": [1, 2, 3, 4, 5, 6, 7, 8], "summary": {"covered_lines": 8, "num_statements": 71, "percent_covered": 11.267605633802816, "percent_covered_display": "11", "missing_lines": 63, "excluded_lines": 0}, "missing_lines": [9, 12, 13, 15, 17, 18, 19, 22, 24, 25, 28, 29, 31, 32, 33, 34, 35, 39, 42, 43, 44, 46, 47, 48, 50, 53, 55, 56, 58, 61, 63, 64, 65, 71, 72, 73, 74, 75, 76, 77, 78, 79, 83, 84, 85, 87, 89, 90, 91, 93, 94, 97, 98, 99, 100, 101, 103, 104, 108, 109, 112, 113, 114], "excluded_lines": []}}}, "database\\__init__.py": {"executed_lines": [0], "summary": {"covered_lines": 0, "num_statements": 0, "percent_covered": 100.0, "percent_covered_display": "100", "missing_lines": 0, "excluded_lines": 0}, "missing_lines": [], "excluded_lines": [], "functions": {"": {"executed_lines": [], "summary": {"covered_lines": 0, "num_statements": 0, "percent_covered": 100.0, "percent_covered_display": "100", "missing_lines": 0, "excluded_lines": 0}, "missing_lines": [], "excluded_lines": []}}, "classes": {"": {"executed_lines": [], "summary": {"covered_lines": 0, "num_statements": 0, "percent_covered": 100.0, "percent_covered_display": "100", "missing_lines": 0, "excluded_lines": 0}, "missing_lines": [], "excluded_lines": []}}}, "database\\config.py": {"executed_lines": [1, 3, 4, 5, 7, 10, 13], "summary": {"covered_lines": 7, "num_statements": 9, "percent_covered": 77.77777777777777, "percent_covered_display": "78", "missing_lines": 2, "excluded_lines": 0}, "missing_lines": [14, 15], "excluded_lines": [], "functions": {"": {"executed_lines": [1, 3, 4, 5, 7, 10, 13], "summary": {"covered_lines": 7, "num_statements": 9, "percent_covered": 77.77777777777777, "percent_covered_display": "78", "missing_lines": 2, "excluded_lines": 0}, "missing_lines": [14, 15], "excluded_lines": []}}, "classes": {"": {"executed_lines": [1, 3, 4, 5, 7, 10, 13], "summary": {"covered_lines": 7, "num_statements": 9, "percent_covered": 77.77777777777777, "percent_covered_display": "78", "missing_lines": 2, "excluded_lines": 0}, "missing_lines": [14, 15], "excluded_lines": []}}}, "parser.py": {"executed_lines": [1, 2, 3, 4, 5, 6, 7, 8, 10], "summary": {"covered_lines": 9, "num_statements": 113, "percent_covered": 7.964601769911504, "percent_covered_display": "8", "missing_lines": 104, "excluded_lines": 0}, "missing_lines": [11, 14, 15, 17, 19, 20, 23, 27, 28, 32, 33, 37, 38, 39, 40, 42, 43, 44, 45, 47, 51, 52, 53, 54, 55, 56, 57, 58, 62, 63, 69, 70, 72, 73, 75, 76, 77, 78, 79, 80, 81, 83, 92, 93, 95, 99, 100, 101, 102, 103, 105, 106, 107, 111, 112, 113, 114, 115, 116, 120, 121, 122, 124, 125, 127, 128, 130, 131, 140, 142, 143, 145, 148, 149, 150, 151, 152, 154, 157, 158, 159, 160, 161, 163, 164, 165, 166, 167, 168, 170, 171, 173, 175, 176, 177, 179, 180, 182, 183, 184, 186, 187, 189, 190], "excluded_lines": [], "functions": {"get_current_time": {"executed_lines": [], "summary": {"covered_lines": 0, "num_statements": 1, "percent_covered": 0.0, "percent_covered_display": "0", "missing_lines": 1, "excluded_lines": 0}, "missing_lines": [28], "excluded_lines": []}, "generate_sha512_hash": {"executed_lines": [], "summary": {"covered_lines": 0, "num_statements": 1, "percent_covered": 0.0, "percent_covered_display": "0", "missing_lines": 1, "excluded_lines": 0}, "missing_lines": [33], "excluded_lines": []}, "get_api_signature": {"executed_lines": [], "summary": {"covered_lines": 0, "num_statements": 8, "percent_covered": 0.0, "percent_covered_display": "0", "missing_lines": 8, "excluded_lines": 0}, "missing_lines": [38, 39, 40, 42, 43, 44, 45, 47], "excluded_lines": []}, "make_api_request": {"executed_lines": [], "summary": {"covered_lines": 0, "num_statements": 7, "percent_covered": 0.0, "percent_covered_display": "0", "missing_lines": 7, "excluded_lines": 0}, "missing_lines": [52, 53, 54, 55, 56, 57, 58], "excluded_lines": []}, "get_problems_and_statistics": {"executed_lines": [], "summary": {"covered_lines": 0, "num_statements": 16, "percent_covered": 0.0, "percent_covered_display": "0", "missing_lines": 16, "excluded_lines": 0}, "missing_lines": [63, 69, 70, 72, 73, 75, 76, 77, 78, 79, 80, 81, 83, 92, 93, 95], "excluded_lines": []}, "get_last_index_from_db": {"executed_lines": [], "summary": {"covered_lines": 0, "num_statements": 7, "percent_covered": 0.0, "percent_covered_display": "0", "missing_lines": 7, "excluded_lines": 0}, "missing_lines": [100, 101, 102, 103, 105, 106, 107], "excluded_lines": []}, "update_last_index_in_db": {"executed_lines": [], "summary": {"covered_lines": 0, "num_statements": 5, "percent_covered": 0.0, "percent_covered_display": "0", "missing_lines": 5, "excluded_lines": 0}, "missing_lines": [112, 113, 114, 115, 116], "excluded_lines": []}, "insert_problems_to_db": {"executed_lines": [], "summary": {"covered_lines": 0, "num_statements": 12, "percent_covered": 0.0, "percent_covered_display": "0", "missing_lines": 12, "excluded_lines": 0}, "missing_lines": [121, 122, 124, 125, 127, 128, 130, 131, 140, 142, 143, 145], "excluded_lines": []}, "search_problems_by_tag": {"executed_lines": [], "summary": {"covered_lines": 0, "num_statements": 5, "percent_covered": 0.0, "percent_covered_display": "0", "missing_lines": 5, "excluded_lines": 0}, "missing_lines": [149, 150, 151, 152, 154], "excluded_lines": []}, "parser": {"executed_lines": [], "summary": {"covered_lines": 0, "num_statements": 25, "percent_covered": 0.0, "percent_covered_display": "0", "missing_lines": 25, "excluded_lines": 0}, "missing_lines": [158, 159, 160, 161, 163, 164, 165, 166, 167, 168, 170, 171, 173, 175, 176, 177, 179, 180, 182, 183, 184, 186, 187, 189, 190], "excluded_lines": []}, "": {"executed_lines": [1, 2, 3, 4, 5, 6, 7, 8, 10], "summary": {"covered_lines": 9, "num_statements": 26, "percent_covered": 34.61538461538461, "percent_covered_display": "35", "missing_lines": 17, "excluded_lines": 0}, "missing_lines": [11, 14, 15, 17, 19, 20, 23, 27, 32, 37, 51, 62, 99, 111, 120, 148, 157], "excluded_lines": []}}, "classes": {"": {"executed_lines": [1, 2, 3, 4, 5, 6, 7, 8, 10], "summary": {"covered_lines": 9, "num_statements": 113, "percent_covered": 7.964601769911504, "percent_covered_display": "8", "missing_lines": 104, "excluded_lines": 0}, "missing_lines": [11, 14, 15, 17, 19, 20, 23, 27, 28, 32, 33, 37, 38, 39, 40, 42, 43, 44, 45, 47, 51, 52, 53, 54, 55, 56, 57, 58, 62, 63, 69, 70, 72, 73, 75, 76, 77, 78, 79, 80, 81, 83, 92, 93, 95, 99, 100, 101, 102, 103, 105, 106, 107, 111, 112, 113, 114, 115, 116, 120, 121, 122, 124, 125, 127, 128, 130, 131, 140, 142, 143, 145, 148, 149, 150, 151, 152, 154, 157, 158, 159, 160, 161, 163, 164, 165, 166, 167, 168, 170, 171, 173, 175, 176, 177, 179, 180, 182, 183, 184, 186, 187, 189, 190], "excluded_lines": []}}}, "tests\\__init__.py": {"executed_lines": [0], "summary": {"covered_lines": 0, "num_statements": 0, "percent_covered": 100.0, "percent_covered_display": "100", "missing_lines": 0, "excluded_lines": 0}, "missing_lines": [], "excluded_lines": [], "functions": {"": {"executed_lines": [], "summary": {"covered_lines": 0, "num_statements": 0, "percent_covered": 100.0, "percent_covered_display": "100", "missing_lines": 0, "excluded_lines": 0}, "missing_lines": [], "excluded_lines": []}}, "classes": {"": {"executed_lines": [], "summary": {"covered_lines": 0, "num_statements": 0, "percent_covered": 100.0, "percent_covered_display": "100", "missing_lines": 0, "excluded_lines": 0}, "missing_lines": [], "excluded_lines": []}}}, "tests\\test_api.py": {"executed_lines": [1, 2], "summary": {"covered_lines": 2, "num_statements": 39, "percent_covered": 5.128205128205129, "percent_covered_display": "5", "missing_lines": 37, "excluded_lines": 0}, "missing_lines": [3, 4, 8, 10, 11, 14, 15, 16, 17, 20, 21, 22, 23, 24, 27, 28, 29, 30, 31, 32, 35, 36, 37, 39, 40, 41, 43, 44, 45, 47, 48, 49, 56, 57, 58, 59, 60], "excluded_lines": [], "functions": {"test_get_current_time": {"executed_lines": [], "summary": {"covered_lines": 0, "num_statements": 3, "percent_covered": 0.0, "percent_covered_display": "0", "missing_lines": 3, "excluded_lines": 0}, "missing_lines": [15, 16, 17], "excluded_lines": []}, "test_generate_sha512_hash": {"executed_lines": [], "summary": {"covered_lines": 0, "num_statements": 4, "percent_covered": 0.0, "percent_covered_display": "0", "missing_lines": 4, "excluded_lines": 0}, "missing_lines": [21, 22, 23, 24], "excluded_lines": []}, "test_get_api_signature": {"executed_lines": [], "summary": {"covered_lines": 0, "num_statements": 5, "percent_covered": 0.0, "percent_covered_display": "0", "missing_lines": 5, "excluded_lines": 0}, "missing_lines": [28, 29, 30, 31, 32], "excluded_lines": []}, "api_key": {"executed_lines": [], "summary": {"covered_lines": 0, "num_statements": 1, "percent_covered": 0.0, "percent_covered_display": "0", "missing_lines": 1, "excluded_lines": 0}, "missing_lines": [37], "excluded_lines": []}, "secret": {"executed_lines": [], "summary": {"covered_lines": 0, "num_statements": 1, "percent_covered": 0.0, "percent_covered_display": "0", "missing_lines": 1, "excluded_lines": 0}, "missing_lines": [41], "excluded_lines": []}, "method_name": {"executed_lines": [], "summary": {"covered_lines": 0, "num_statements": 1, "percent_covered": 0.0, "percent_covered_display": "0", "missing_lines": 1, "excluded_lines": 0}, "missing_lines": [45], "excluded_lines": []}, "params": {"executed_lines": [], "summary": {"covered_lines": 0, "num_statements": 1, "percent_covered": 0.0, "percent_covered_display": "0", "missing_lines": 1, "excluded_lines": 0}, "missing_lines": [49], "excluded_lines": []}, "test_make_api_request": {"executed_lines": [], "summary": {"covered_lines": 0, "num_statements": 4, "percent_covered": 0.0, "percent_covered_display": "0", "missing_lines": 4, "excluded_lines": 0}, "missing_lines": [57, 58, 59, 60], "excluded_lines": []}, "": {"executed_lines": [1, 2], "summary": {"covered_lines": 2, "num_statements": 19, "percent_covered": 10.526315789473685, "percent_covered_display": "11", "missing_lines": 17, "excluded_lines": 0}, "missing_lines": [3, 4, 8, 10, 11, 14, 20, 27, 35, 36, 39, 40, 43, 44, 47, 48, 56], "excluded_lines": []}}, "classes": {"": {"executed_lines": [1, 2], "summary": {"covered_lines": 2, "num_statements": 39, "percent_covered": 5.128205128205129, "percent_covered_display": "5", "missing_lines": 37, "excluded_lines": 0}, "missing_lines": [3, 4, 8, 10, 11, 14, 15, 16, 17, 20, 21, 22, 23, 24, 27, 28, 29, 30, 31, 32, 35, 36, 37, 39, 40, 41, 43, 44, 45, 47, 48, 49, 56, 57, 58, 59, 60], "excluded_lines": []}}}, "tests\\test_bot.py": {"executed_lines": [1, 2, 3], "summary": {"covered_lines": 3, "num_statements": 12, "percent_covered": 25.0, "percent_covered_display": "25", "missing_lines": 9, "excluded_lines": 0}, "missing_lines": [6, 7, 8, 10, 11, 12, 13, 15, 16], "excluded_lines": [], "functions": {"mocker_fixture": {"executed_lines": [], "summary": {"covered_lines": 0, "num_statements": 1, "percent_covered": 0.0, "percent_covered_display": "0", "missing_lines": 1, "excluded_lines": 0}, "missing_lines": [8], "excluded_lines": []}, "test_search_problems_by_tag": {"executed_lines": [], "summary": {"covered_lines": 0, "num_statements": 5, "percent_covered": 0.0, "percent_covered_display": "0", "missing_lines": 5, "excluded_lines": 0}, "missing_lines": [11, 12, 13, 15, 16], "excluded_lines": []}, "": {"executed_lines": [1, 2, 3], "summary": {"covered_lines": 3, "num_statements": 6, "percent_covered": 50.0, "percent_covered_display": "50", "missing_lines": 3, "excluded_lines": 0}, "missing_lines": [6, 7, 10], "excluded_lines": []}}, "classes": {"": {"executed_lines": [1, 2, 3], "summary": {"covered_lines": 3, "num_statements": 12, "percent_covered": 25.0, "percent_covered_display": "25", "missing_lines": 9, "excluded_lines": 0}, "missing_lines": [6, 7, 8, 10, 11, 12, 13, 15, 16], "excluded_lines": []}}}, "tests\\test_database.py": {"executed_lines": [1, 2, 3, 4], "summary": {"covered_lines": 4, "num_statements": 39, "percent_covered": 10.256410256410257, "percent_covered_display": "10", "missing_lines": 35, "excluded_lines": 0}, "missing_lines": [5, 6, 9, 10, 11, 12, 15, 16, 17, 18, 19, 20, 21, 24, 25, 26, 29, 30, 31, 32, 35, 36, 37, 48, 49, 52, 54, 55, 64, 65, 68, 71, 74, 75, 76], "excluded_lines": [], "functions": {"setup_database": {"executed_lines": [], "summary": {"covered_lines": 0, "num_statements": 5, "percent_covered": 0.0, "percent_covered_display": "0", "missing_lines": 5, "excluded_lines": 0}, "missing_lines": [17, 18, 19, 20, 21], "excluded_lines": []}, "test_table_exists": {"executed_lines": [], "summary": {"covered_lines": 0, "num_statements": 2, "percent_covered": 0.0, "percent_covered_display": "0", "missing_lines": 2, "excluded_lines": 0}, "missing_lines": [25, 26], "excluded_lines": []}, "test_fields_exist": {"executed_lines": [], "summary": {"covered_lines": 0, "num_statements": 3, "percent_covered": 0.0, "percent_covered_display": "0", "missing_lines": 3, "excluded_lines": 0}, "missing_lines": [30, 31, 32], "excluded_lines": []}, "test_field_types": {"executed_lines": [], "summary": {"covered_lines": 0, "num_statements": 4, "percent_covered": 0.0, "percent_covered_display": "0", "missing_lines": 4, "excluded_lines": 0}, "missing_lines": [36, 37, 48, 49], "excluded_lines": []}, "test_search_problems_by_tag": {"executed_lines": [], "summary": {"covered_lines": 0, "num_statements": 9, "percent_covered": 0.0, "percent_covered_display": "0", "missing_lines": 9, "excluded_lines": 0}, "missing_lines": [54, 55, 64, 65, 68, 71, 74, 75, 76], "excluded_lines": []}, "": {"executed_lines": [1, 2, 3, 4], "summary": {"covered_lines": 4, "num_statements": 16, "percent_covered": 25.0, "percent_covered_display": "25", "missing_lines": 12, "excluded_lines": 0}, "missing_lines": [5, 6, 9, 10, 11, 12, 15, 16, 24, 29, 35, 52], "excluded_lines": []}}, "classes": {"": {"executed_lines": [1, 2, 3, 4], "summary": {"covered_lines": 4, "num_statements": 39, "percent_covered": 10.256410256410257, "percent_covered_display": "10", "missing_lines": 35, "excluded_lines": 0}, "missing_lines": [5, 6, 9, 10, 11, 12, 15, 16, 17, 18, 19, 20, 21, 24, 25, 26, 29, 30, 31, 32, 35, 36, 37, 48, 49, 52, 54, 55, 64, 65, 68, 71, 74, 75, 76], "excluded_lines": []}}}, "tests\\test_operations.py": {"executed_lines": [1, 2, 3], "summary": {"covered_lines": 3, "num_statements": 39, "percent_covered": 7.6923076923076925, "percent_covered_display": "8", "missing_lines": 36, "excluded_lines": 0}, "missing_lines": [7, 8, 9, 24, 25, 26, 27, 28, 29, 32, 33, 34, 35, 37, 38, 41, 42, 43, 45, 46, 47, 50, 51, 57, 58, 59, 61, 62, 63, 64, 67, 68, 69, 70, 72, 73], "excluded_lines": [], "functions": {"api_response": {"executed_lines": [], "summary": {"covered_lines": 0, "num_statements": 1, "percent_covered": 0.0, "percent_covered_display": "0", "missing_lines": 1, "excluded_lines": 0}, "missing_lines": [9], "excluded_lines": []}, "test_get_problems_and_statistics": {"executed_lines": [], "summary": {"covered_lines": 0, "num_statements": 5, "percent_covered": 0.0, "percent_covered_display": "0", "missing_lines": 5, "excluded_lines": 0}, "missing_lines": [25, 26, 27, 28, 29], "excluded_lines": []}, "test_get_last_index_from_db": {"executed_lines": [], "summary": {"covered_lines": 0, "num_statements": 5, "percent_covered": 0.0, "percent_covered_display": "0", "missing_lines": 5, "excluded_lines": 0}, "missing_lines": [33, 34, 35, 37, 38], "excluded_lines": []}, "test_update_last_index_in_db": {"executed_lines": [], "summary": {"covered_lines": 0, "num_statements": 5, "percent_covered": 0.0, "percent_covered_display": "0", "missing_lines": 5, "excluded_lines": 0}, "missing_lines": [42, 43, 45, 46, 47], "excluded_lines": []}, "test_insert_problems_to_db": {"executed_lines": [], "summary": {"covered_lines": 0, "num_statements": 8, "percent_covered": 0.0, "percent_covered_display": "0", "missing_lines": 8, "excluded_lines": 0}, "missing_lines": [51, 57, 58, 59, 61, 62, 63, 64], "excluded_lines": []}, "test_search_problems_by_tag": {"executed_lines": [], "summary": {"covered_lines": 0, "num_statements": 5, "percent_covered": 0.0, "percent_covered_display": "0", "missing_lines": 5, "excluded_lines": 0}, "missing_lines": [68, 69, 70, 72, 73], "excluded_lines": []}, "": {"executed_lines": [1, 2, 3], "summary": {"covered_lines": 3, "num_statements": 10, "percent_covered": 30.0, "percent_covered_display": "30", "missing_lines": 7, "excluded_lines": 0}, "missing_lines": [7, 8, 24, 32, 41, 50, 67], "excluded_lines": []}}, "classes": {"": {"executed_lines": [1, 2, 3], "summary": {"covered_lines": 3, "num_statements": 39, "percent_covered": 7.6923076923076925, "percent_covered_display": "8", "missing_lines": 36, "excluded_lines": 0}, "missing_lines": [7, 8, 9, 24, 25, 26, 27, 28, 29, 32, 33, 34, 35, 37, 38, 41, 42, 43, 45, 46, 47, 50, 51, 57, 58, 59, 61, 62, 63, 64, 67, 68, 69, 70, 72, 73], "excluded_lines": []}}}}, "totals": {"covered_lines": 36, "num_statements": 322, "percent_covered": 11.180124223602485, "percent_covered_display": "11", "missing_lines": 286, "excluded_lines": 0}}